C51 COMPILER V9.01   MAIN                                                                  12/16/2019 22:21:54 PAGE 1   


C51 COMPILER V9.01, COMPILATION OF MODULE MAIN
OBJECT MODULE PLACED IN main.OBJ
COMPILER INVOKED BY: C:\Keil\C51\BIN\C51.EXE main.c BROWSE DEBUG OBJECTEXTEND

line level    source

   1          #include <reg52.h>
   2          #include <intrins.h>
   3          
   4          
   5          #define led P0
   6          
   7          typedef unsigned char u8;
   8          typedef unsigned int u16;
   9          void delay(u16 i);
  10          
  11          void delay(u16 i)
  12          {
  13   1          while (i--)
  14   1          {
  15   2          }
  16   1      }
  17          
  18          void main()
  19          {
  20   1          
  21   1          u8 i;
  22   1          led = 0x01;
  23   1          delay(50000);
  24   1          
  25   1          while (1)
  26   1          {
  27   2              for (i = 0; i < 7; i++)
  28   2              {
  29   3                  led = _crol_(led, 1);
  30   3                  delay(50000);
  31   3              }
  32   2              for (i = 0; i < 7; i++)
  33   2              {
  34   3                  led = _cror_(led, 1);
  35   3                  delay(50000);
  36   3              }
  37   2          }
  38   1      }


MODULE INFORMATION:   STATIC OVERLAYABLE
   CODE SIZE        =     68    ----
   CONSTANT SIZE    =   ----    ----
   XDATA SIZE       =   ----    ----
   PDATA SIZE       =   ----    ----
   DATA SIZE        =   ----    ----
   IDATA SIZE       =   ----    ----
   BIT SIZE         =   ----    ----
END OF MODULE INFORMATION.


C51 COMPILATION COMPLETE.  0 WARNING(S),  0 ERROR(S)
