C51 COMPILER V9.01   MAIN                                                                  12/16/2019 23:04:55 PAGE 1   


C51 COMPILER V9.01, COMPILATION OF MODULE MAIN
OBJECT MODULE PLACED IN main.OBJ
COMPILER INVOKED BY: C:\Keil\C51\BIN\C51.EXE main.c BROWSE DEBUG OBJECTEXTEND

line level    source

   1          #include <reg52.h>
   2          typedef unsigned int u16;
   3          sbit buzz = P1^5;
   4          
   5          void delay(u16 i)
   6          {
   7   1      
   8   1          while (i--)
   9   1              ;
  10   1      }
  11          
  12          void main()
  13          {
  14   1          
  15   1          while (1)
  16   1          {
  17   2              buzz=~buzz;
  18   2              delay(10);
  19   2          }
  20   1      }


MODULE INFORMATION:   STATIC OVERLAYABLE
   CODE SIZE        =     22    ----
   CONSTANT SIZE    =   ----    ----
   XDATA SIZE       =   ----    ----
   PDATA SIZE       =   ----    ----
   DATA SIZE        =   ----    ----
   IDATA SIZE       =   ----    ----
   BIT SIZE         =   ----    ----
END OF MODULE INFORMATION.


C51 COMPILATION COMPLETE.  0 WARNING(S),  0 ERROR(S)
