C51 COMPILER V9.01   MAIN                                                                  12/22/2019 19:19:59 PAGE 1   


C51 COMPILER V9.01, COMPILATION OF MODULE MAIN
OBJECT MODULE PLACED IN main.OBJ
COMPILER INVOKED BY: C:\Keil\C51\BIN\C51.EXE main.c BROWSE DEBUG OBJECTEXTEND

line level    source

   1          /*共阴极静态数码**/
   2          #include <reg52.h>
   3          
   4          #define num P0
   5          
   6          typedef unsigned char u8;
   7          typedef unsigned int u16;
   8          
   9          //共阴数码管表
  10          /*
  11          0、0x3f
  12          1、0x06
  13          2、0x5b
  14          3、0x4f
  15          4、0x66
  16          5、0x6d
  17          6、0x7d
  18          7、0x07
  19          8、0x7f
  20          9、0x6f
  21          A、0x77
  22          B、0x7c
  23          C、0x39
  24          D、0x5e
  25          E、0x79
  26          F、0x71
  27          无显示、0x00
  28          */
  29          void delay(u16);
  30          
  31          //code 将数据存放在ram当中
  32          u8 smgduan[] = {0x3f, 0x06, 0x5b, 0x4f, 0x66, 0x6d,
  33                          0x7d, 0x07, 0x7f, 0x6f, 0x77,
  34                          0x7c, 0x39, 0x5e, 0x79, 0x71};
  35          
  36          void main()
  37          {
  38   1          u8 i;
  39   1          u8 count = sizeof(smgduan) / sizeof(u8);
  40   1          while (1)
  41   1          {
  42   2              for (i = 0; i < count; i++)
  43   2              {
  44   3                  num = ~smgduan[i];
  45   3                  delay(50000);
  46   3              }
  47   2          }
  48   1      }
  49          
  50          void delay(u16 i)
  51          {
  52   1          while (i--)
  53   1          {
  54   2              /* code */
  55   2          }
C51 COMPILER V9.01   MAIN                                                                  12/22/2019 19:19:59 PAGE 2   

  56   1      }


MODULE INFORMATION:   STATIC OVERLAYABLE
   CODE SIZE        =     44    ----
   CONSTANT SIZE    =   ----    ----
   XDATA SIZE       =   ----    ----
   PDATA SIZE       =   ----    ----
   DATA SIZE        =     16       2
   IDATA SIZE       =   ----    ----
   BIT SIZE         =   ----    ----
END OF MODULE INFORMATION.


C51 COMPILATION COMPLETE.  0 WARNING(S),  0 ERROR(S)
