C51 COMPILER V9.01   MAIN                                                                  12/14/2019 00:40:33 PAGE 1   


C51 COMPILER V9.01, COMPILATION OF MODULE MAIN
OBJECT MODULE PLACED IN main.OBJ
COMPILER INVOKED BY: C:\Keil\C51\BIN\C51.EXE main.c BROWSE DEBUG OBJECTEXTEND

line level    source

   1          #include <reg52.h>
   2          
   3          #define led P0
   4          
   5          typedef unsigned char u8;
   6          typedef unsigned int u16;
   7          
   8          void delay(u16 i)
   9          {
  10   1      
  11   1          while (i--)
  12   1              ;
  13   1      }
  14          
  15          void main()
  16          {
  17   1          u8 i;
  18   1          led = 0x01;
  19   1          delay(50000);
  20   1          while (1)
  21   1          {
  22   2              for (i = 0; i < 8; i++)
  23   2              {
  24   3                  led = (0x01 << i);
  25   3                  delay(50000);
  26   3              }
  27   2          }
  28   1      }


MODULE INFORMATION:   STATIC OVERLAYABLE
   CODE SIZE        =     49    ----
   CONSTANT SIZE    =   ----    ----
   XDATA SIZE       =   ----    ----
   PDATA SIZE       =   ----    ----
   DATA SIZE        =   ----    ----
   IDATA SIZE       =   ----    ----
   BIT SIZE         =   ----    ----
END OF MODULE INFORMATION.


C51 COMPILATION COMPLETE.  0 WARNING(S),  0 ERROR(S)
