C51 COMPILER V9.01   MAIN                                                                  12/22/2019 20:45:16 PAGE 1   


C51 COMPILER V9.01, COMPILATION OF MODULE MAIN
OBJECT MODULE PLACED IN main.OBJ
COMPILER INVOKED BY: C:\Keil\C51\BIN\C51.EXE main.c BROWSE DEBUG OBJECTEXTEND

line level    source

   1          /*共阴极静态数码**/
   2          #include <reg52.h>
   3          //段选
   4          #define duanxuan P0
   5          //位选连接138译码器
   6          sbit weixuan1 = P1 ^ 0;
   7          sbit weixuan2 = P1 ^ 1;
   8          sbit weixuan3 = P1 ^ 2;
   9          
  10          typedef unsigned char u8;
  11          typedef unsigned int u16;
  12          
  13          //共阴数码管表
  14          /*
  15          0、0x3f
  16          1、0x06
  17          2、0x5b
  18          3、0x4f
  19          4、0x66
  20          5、0x6d
  21          6、0x7d
  22          7、0x07
  23          8、0x7f
  24          9、0x6f
  25          A、0x77
  26          B、0x7c
  27          C、0x39
  28          D、0x5e
  29          E、0x79
  30          F、0x71
  31          无显示、0x00
  32          */
  33          void delay(u16);
  34          void digDisplay(u8);
  35          
  36          //code 将数据存放在ram当中
  37          u8 code smgduan[] = {0x3f, 0x06, 0x5b, 0x4f, 0x66, 0x6d,
  38                               0x7d, 0x07, 0x7f, 0x6f, 0x77,
  39                               0x7c, 0x39, 0x5e, 0x79, 0x71};
  40          
  41          void main()
  42          {
  43   1      
  44   1          u8 count = sizeof(smgduan) / sizeof(u8);
  45   1          while (1)
  46   1          {
  47   2              u8 i;
  48   2              for (i = 0; i < count; i++)
  49   2              {
  50   3                  digDisplay(i);
  51   3                  delay(50000);
  52   3              }
  53   2          }
  54   1      }
  55          
C51 COMPILER V9.01   MAIN                                                                  12/22/2019 20:45:16 PAGE 2   

  56          void delay(u16 i)
  57          {
  58   1          while (i--)
  59   1          {
  60   2              /* code */
  61   2          }
  62   1      }
  63          
  64          void digDisplay(u8 num)
  65          {
  66   1          u8 i;
  67   1          for (i = 0; i < 8; i++)
  68   1          {
  69   2              switch (i)
  70   2              {
  71   3              case 0:
  72   3                  //点亮第一个数码管
  73   3                  weixuan1 = 0;
  74   3                  weixuan2 = 0;
  75   3                  weixuan3 = 0;
  76   3                  break;
  77   3              case 1:
  78   3                  //点亮第二个数码管
  79   3                  weixuan1 = 1;
  80   3                  weixuan2 = 0;
  81   3                  weixuan3 = 0;
  82   3                  break;
  83   3              case 2:
  84   3      
  85   3                  weixuan1 = 0;
  86   3                  weixuan2 = 1;
  87   3                  weixuan3 = 0;
  88   3                  break;
  89   3              case 3:
  90   3      
  91   3                  weixuan1 = 1;
  92   3                  weixuan2 = 1;
  93   3                  weixuan3 = 0;
  94   3                  break;
  95   3              case 4:
  96   3      
  97   3                  weixuan1 = 0;
  98   3                  weixuan2 = 0;
  99   3                  weixuan3 = 1;
 100   3                  break;
 101   3              case 5:
 102   3      
 103   3                  weixuan1 = 1;
 104   3                  weixuan2 = 0;
 105   3                  weixuan3 = 1;
 106   3                  break;
 107   3              case 6:
 108   3      
 109   3                  weixuan1 = 0;
 110   3                  weixuan2 = 1;
 111   3                  weixuan3 = 1;
 112   3                  break;
 113   3              case 7:
 114   3      
 115   3                  weixuan1 = 1;
 116   3                  weixuan2 = 1;
 117   3                  weixuan3 = 1;
C51 COMPILER V9.01   MAIN                                                                  12/22/2019 20:45:16 PAGE 3   

 118   3                  break;
 119   3      
 120   3              default:
 121   3                  break;
 122   3              }
 123   2              duanxuan = smgduan[num];
 124   2              delay(100);
 125   2              duanxuan = 0x00;
 126   2          }
 127   1      }


MODULE INFORMATION:   STATIC OVERLAYABLE
   CODE SIZE        =    151    ----
   CONSTANT SIZE    =     16    ----
   XDATA SIZE       =   ----    ----
   PDATA SIZE       =   ----    ----
   DATA SIZE        =   ----       2
   IDATA SIZE       =   ----    ----
   BIT SIZE         =   ----    ----
END OF MODULE INFORMATION.


C51 COMPILATION COMPLETE.  0 WARNING(S),  0 ERROR(S)
