C51 COMPILER V9.01   MAIN                                                                  12/25/2019 22:31:32 PAGE 1   


C51 COMPILER V9.01, COMPILATION OF MODULE MAIN
OBJECT MODULE PLACED IN main.OBJ
COMPILER INVOKED BY: C:\Keil\C51\BIN\C51.EXE main.c BROWSE DEBUG OBJECTEXTEND

line level    source

   1          #include <reg52.h>
   2          
   3          typedef unsigned char u8;
   4          typedef unsigned int u16;
   5          
   6          sbit led = P0 ^ 0;
   7          sbit key = P0 ^ 1;
   8          void delay(u16);
   9          
  10          void delay(u16 i)
  11          {
  12   1          while (i--)
  13   1              ;
  14   1      }
  15          
  16          void main()
  17          {
  18   1      
  19   1          led = 0;
  20   1          while (1)
  21   1          {
  22   2              if (key == 0)
  23   2              {
  24   3                  delay(1000); //消抖
  25   3                  if (key == 0)
  26   3                  {
  27   4                      led = ~led;
  28   4                  }
  29   3                  while (!key)
  30   3                      ;
  31   3              }
  32   2          }
  33   1      }


MODULE INFORMATION:   STATIC OVERLAYABLE
   CODE SIZE        =     33    ----
   CONSTANT SIZE    =   ----    ----
   XDATA SIZE       =   ----    ----
   PDATA SIZE       =   ----    ----
   DATA SIZE        =   ----    ----
   IDATA SIZE       =   ----    ----
   BIT SIZE         =   ----    ----
END OF MODULE INFORMATION.


C51 COMPILATION COMPLETE.  0 WARNING(S),  0 ERROR(S)
