C51 COMPILER V9.01   MAIN                                                                  12/22/2019 16:03:11 PAGE 1   


C51 COMPILER V9.01, COMPILATION OF MODULE MAIN
OBJECT MODULE PLACED IN main.OBJ
COMPILER INVOKED BY: C:\Keil\C51\BIN\C51.EXE main.c BROWSE DEBUG OBJECTEXTEND

line level    source

   1          /*继电器
   2          
   3          **/
   4          
   5          #include <reg52.h>
   6          
   7          sbit pin = P0^1;
   8          
   9          void main(int argc, char const *argv[])
  10          {
  11   1          pin =0;
  12   1          while (1)
  13   1          {
  14   2              
  15   2          }
  16   1          
  17   1      }
*** WARNING C280 IN LINE 9 OF MAIN.C: 'argc': unreferenced local variable
*** WARNING C280 IN LINE 9 OF MAIN.C: 'argv': unreferenced local variable


MODULE INFORMATION:   STATIC OVERLAYABLE
   CODE SIZE        =     14    ----
   CONSTANT SIZE    =   ----    ----
   XDATA SIZE       =   ----    ----
   PDATA SIZE       =   ----    ----
   DATA SIZE        =   ----       5
   IDATA SIZE       =   ----    ----
   BIT SIZE         =   ----    ----
END OF MODULE INFORMATION.


C51 COMPILATION COMPLETE.  2 WARNING(S),  0 ERROR(S)
